
Showing logs for build [32mcb-kubecd-environment-pr-193-14-m9jx6-1[0m stage [32mfrom-build-pack[0m and container [32mstep-credential-initializer-d45ls[0m
{"level":"warn","ts":1586104562.7947698,"logger":"fallback-logger","caller":"logging/config.go:69","msg":"Fetch GitHub commit ID from kodata failed: \"ref: refs/heads/0.8.0-**-support-backwards-incompats\" is not a valid GitHub commit ID"}
{"level":"info","ts":1586104562.7953522,"logger":"fallback-logger","caller":"creds-init/main.go:40","msg":"Credentials initialized."}

Showing logs for build [32mcb-kubecd-environment-pr-193-14-m9jx6-1[0m stage [32mfrom-build-pack[0m and container [32mstep-working-dir-initializer-6fmrw[0m
{"level":"warn","ts":1586104563.8309262,"logger":"fallback-logger","caller":"logging/config.go:69","msg":"Fetch GitHub commit ID from kodata failed: open /var/run/ko/HEAD: no such file or directory"}
{"level":"info","ts":1586104563.8327358,"logger":"fallback-logger","caller":"bash/main.go:64","msg":"Successfully executed command \"sh -c mkdir -p /workspace/source\"; output "}

Showing logs for build [32mcb-kubecd-environment-pr-193-14-m9jx6-1[0m stage [32mfrom-build-pack[0m and container [32mstep-place-tools[0m

Showing logs for build [32mcb-kubecd-environment-pr-193-14-m9jx6-1[0m stage [32mfrom-build-pack[0m and container [32mstep-git-source-cb-kubecd-environment-pr-193-14-m9jx6-dftkq[0m
{"level":"warn","ts":1586104567.9160962,"logger":"fallback-logger","caller":"logging/config.go:69","msg":"Fetch GitHub commit ID from kodata failed: \"ref: refs/heads/0.8.0-**-support-backwards-incompats\" is not a valid GitHub commit ID"}
{"level":"info","ts":1586104568.9547682,"logger":"fallback-logger","caller":"git/git.go:103","msg":"Successfully cloned https://github.com/cb-kubecd/environment-pr-193-149-boot-gke-production.git @ master in path /workspace/source"}

Showing logs for build [32mcb-kubecd-environment-pr-193-14-m9jx6-1[0m stage [32mfrom-build-pack[0m and container [32mstep-git-merge[0m
Using SHAs from PULL_REFS=master:888f098226afa1a2c7b903142b43213e5fe52749,1:ab1304e16ae259338661a5c1f58b83281b8964e0
DEBUG: LC_ALL=C JX_LOG_LEVEL=error git fetch origin --unshallow ab1304e16ae259338661a5c1f58b83281b8964e0: 888f098226afa1a2c7b903142b43213e5fe52749:
DEBUG: ran git fetch --unshallow origin ab1304e16ae259338661a5c1f58b83281b8964e0: 888f098226afa1a2c7b903142b43213e5fe52749: in 
DEBUG: LC_ALL=C JX_LOG_LEVEL=error git branch
DEBUG: LC_ALL=C JX_LOG_LEVEL=error git checkout master
DEBUG: ran git checkout master in 
DEBUG: LC_ALL=C JX_LOG_LEVEL=error git reset --hard 888f098226afa1a2c7b903142b43213e5fe52749
DEBUG: ran git reset --hard 888f098226afa1a2c7b903142b43213e5fe52749 in 
DEBUG: JX_LOG_LEVEL=error LC_ALL=C git clean -fd .
DEBUG: ran clean --force -d . in 
DEBUG: LC_ALL=C JX_LOG_LEVEL=error git merge ab1304e16ae259338661a5c1f58b83281b8964e0
DEBUG: ran git merge ab1304e16ae259338661a5c1f58b83281b8964e0 in 
DEBUG: LC_ALL=C JX_LOG_LEVEL=error git log --format=%H%x1f%an%x1f%ae%x1f%cn%x1f%ce%x1f%s%n%b%x1e 888f098226afa1a2c7b903142b43213e5fe52749..HEAD
Merged SHA ab1304e16ae259338661a5c1f58b83281b8964e0 with commit message 'chore: Promote bdd-spring-1586103755 to version 0.0.1' into base branch master

Showing logs for build [32mcb-kubecd-environment-pr-193-14-m9jx6-1[0m stage [32mfrom-build-pack[0m and container [32mstep-build-helm-build[0m
WARNING: No $CHART_REPOSITORY defined so using the default value of: http://jenkins-x-chartmuseum:8080
Adding missing Helm repo: storage.googleapis.com https://storage.googleapis.com/chartmuseum.jenkins-x.io
WARNING: No secrets found on "helm/repos" due: reading the secret "helm/repos" from vault: no secret "helm/repos" not found in vault
Read credentials for https://storage.googleapis.com/chartmuseum.jenkins-x.io from vault helm/repos
Successfully added Helm repository storage.googleapis.com.
Adding missing Helm repo: jenkins-x-chartmuseum http://jenkins-x-chartmuseum:8080
WARNING: No secrets found on "helm/repos" due: reading the secret "helm/repos" from vault: no secret "helm/repos" not found in vault
Read credentials for http://jenkins-x-chartmuseum:8080 from vault helm/repos
Successfully added Helm repository jenkins-x-chartmuseum.
WARNING: No $CHART_REPOSITORY defined so using the default value of: http://jenkins-x-chartmuseum:8080
Adding missing Helm repo: chartmuseum.jenkins-x.io http://chartmuseum.jenkins-x.io
WARNING: No secrets found on "helm/repos" due: reading the secret "helm/repos" from vault: no secret "helm/repos" not found in vault
Read credentials for http://chartmuseum.jenkins-x.io from vault helm/repos
Successfully added Helm repository chartmuseum.jenkins-x.io.
